<?xml version="1.0" encoding="UTF-8"?>
<!-- Generated by org.testng.reporters.JUnitReportReporter -->
<testsuite hostname="LAPTOP-2M6SULJS" failures="0" tests="1" name="com.tb.profile.profileSeller" time="0.000" errors="0" timestamp="2020-08-06T10:58:10 IST" skipped="1">
  <testcase classname="com.tb.profile.profileSeller" name="addRegistration" time="0.000">
    <skipped/>
  </testcase> <!-- addRegistration -->
  <system-out/>
</testsuite> <!-- com.tb.profile.profileSeller -->
