<?xml version="1.0" encoding="UTF-8"?>
<!-- Generated by org.testng.reporters.JUnitReportReporter -->
<testsuite hostname="LAPTOP-2M6SULJS" failures="0" tests="2" name="com.tb.qa.comman.getListOfGroups" time="0.033" errors="0" timestamp="2020-10-03T12:08:41 IST" skipped="0">
  <testcase classname="com.tb.qa.comman.getListOfGroups" name="chesckResponseBody" time="0.025"/>
  <system-out/>
  <testcase classname="com.tb.qa.comman.getListOfGroups" name="checkStatuscode" time="0.008"/>
  <system-out/>
</testsuite> <!-- com.tb.qa.comman.getListOfGroups -->
