<?xml version="1.0" encoding="UTF-8"?>
<!-- Generated by org.testng.reporters.JUnitReportReporter -->
<testsuite hostname="LAPTOP-2M6SULJS" failures="0" tests="3" name="com.tb.qa.sellerApp.options" time="0.032" errors="0" timestamp="2020-10-03T12:38:13 IST" skipped="0">
  <testcase classname="com.tb.qa.sellerApp.options" name="options" time="0.004"/>
  <system-out/>
  <testcase classname="com.tb.qa.sellerApp.options" name="chesckResponseBody" time="0.024"/>
  <system-out/>
  <testcase classname="com.tb.qa.sellerApp.options" name="checkStatuscode" time="0.004"/>
  <system-out/>
</testsuite> <!-- com.tb.qa.sellerApp.options -->
