<?xml version="1.0" encoding="UTF-8"?>
<!-- Generated by org.testng.reporters.JUnitReportReporter -->
<testsuite hostname="LAPTOP-2M6SULJS" failures="0" tests="49" name="com.tb.profile.deliveryPageSignUp" time="203.344" errors="0" timestamp="2020-10-05T17:16:48 IST" skipped="0">
  <testcase classname="com.tb.profile.deliveryPageSignUp" name="addRegistration" time="3.147"/>
  <system-out/>
  <testcase classname="com.tb.profile.deliveryPageSignUp" name="addRegistration" time="7.387"/>
  <system-out/>
  <testcase classname="com.tb.profile.deliveryPageSignUp" name="addRegistration" time="4.696"/>
  <system-out/>
  <testcase classname="com.tb.profile.deliveryPageSignUp" name="addRegistration" time="3.841"/>
  <system-out/>
  <testcase classname="com.tb.profile.deliveryPageSignUp" name="addRegistration" time="3.268"/>
  <system-out/>
  <testcase classname="com.tb.profile.deliveryPageSignUp" name="addRegistration" time="3.294"/>
  <system-out/>
  <testcase classname="com.tb.profile.deliveryPageSignUp" name="addRegistration" time="3.256"/>
  <system-out/>
  <testcase classname="com.tb.profile.deliveryPageSignUp" name="addRegistration" time="7.096"/>
  <system-out/>
  <testcase classname="com.tb.profile.deliveryPageSignUp" name="addRegistration" time="4.146"/>
  <system-out/>
  <testcase classname="com.tb.profile.deliveryPageSignUp" name="addRegistration" time="3.192"/>
  <system-out/>
  <testcase classname="com.tb.profile.deliveryPageSignUp" name="addRegistration" time="2.830"/>
  <system-out/>
  <testcase classname="com.tb.profile.deliveryPageSignUp" name="addRegistration" time="2.890"/>
  <system-out/>
  <testcase classname="com.tb.profile.deliveryPageSignUp" name="addRegistration" time="6.949"/>
  <system-out/>
  <testcase classname="com.tb.profile.deliveryPageSignUp" name="addRegistration" time="7.414"/>
  <system-out/>
  <testcase classname="com.tb.profile.deliveryPageSignUp" name="addRegistration" time="3.897"/>
  <system-out/>
  <testcase classname="com.tb.profile.deliveryPageSignUp" name="addRegistration" time="2.875"/>
  <system-out/>
  <testcase classname="com.tb.profile.deliveryPageSignUp" name="addRegistration" time="3.051"/>
  <system-out/>
  <testcase classname="com.tb.profile.deliveryPageSignUp" name="addRegistration" time="3.003"/>
  <system-out/>
  <testcase classname="com.tb.profile.deliveryPageSignUp" name="addRegistration" time="3.271"/>
  <system-out/>
  <testcase classname="com.tb.profile.deliveryPageSignUp" name="addRegistration" time="3.092"/>
  <system-out/>
  <testcase classname="com.tb.profile.deliveryPageSignUp" name="addRegistration" time="3.069"/>
  <system-out/>
  <testcase classname="com.tb.profile.deliveryPageSignUp" name="addRegistration" time="12.084"/>
  <system-out/>
  <testcase classname="com.tb.profile.deliveryPageSignUp" name="addRegistration" time="2.860"/>
  <system-out/>
  <testcase classname="com.tb.profile.deliveryPageSignUp" name="addRegistration" time="3.727"/>
  <system-out/>
  <testcase classname="com.tb.profile.deliveryPageSignUp" name="addRegistration" time="3.255"/>
  <system-out/>
  <testcase classname="com.tb.profile.deliveryPageSignUp" name="addRegistration" time="2.869"/>
  <system-out/>
  <testcase classname="com.tb.profile.deliveryPageSignUp" name="addRegistration" time="2.870"/>
  <system-out/>
  <testcase classname="com.tb.profile.deliveryPageSignUp" name="addRegistration" time="3.074"/>
  <system-out/>
  <testcase classname="com.tb.profile.deliveryPageSignUp" name="addRegistration" time="3.071"/>
  <system-out/>
  <testcase classname="com.tb.profile.deliveryPageSignUp" name="addRegistration" time="3.250"/>
  <system-out/>
  <testcase classname="com.tb.profile.deliveryPageSignUp" name="addRegistration" time="2.895"/>
  <system-out/>
  <testcase classname="com.tb.profile.deliveryPageSignUp" name="addRegistration" time="3.260"/>
  <system-out/>
  <testcase classname="com.tb.profile.deliveryPageSignUp" name="addRegistration" time="2.875"/>
  <system-out/>
  <testcase classname="com.tb.profile.deliveryPageSignUp" name="addRegistration" time="2.923"/>
  <system-out/>
  <testcase classname="com.tb.profile.deliveryPageSignUp" name="addRegistration" time="8.181"/>
  <system-out/>
  <testcase classname="com.tb.profile.deliveryPageSignUp" name="addRegistration" time="3.031"/>
  <system-out/>
  <testcase classname="com.tb.profile.deliveryPageSignUp" name="addRegistration" time="4.049"/>
  <system-out/>
  <testcase classname="com.tb.profile.deliveryPageSignUp" name="addRegistration" time="3.264"/>
  <system-out/>
  <testcase classname="com.tb.profile.deliveryPageSignUp" name="addRegistration" time="8.420"/>
  <system-out/>
  <testcase classname="com.tb.profile.deliveryPageSignUp" name="addRegistration" time="3.068"/>
  <system-out/>
  <testcase classname="com.tb.profile.deliveryPageSignUp" name="addRegistration" time="3.481"/>
  <system-out/>
  <testcase classname="com.tb.profile.deliveryPageSignUp" name="addRegistration" time="3.491"/>
  <system-out/>
  <testcase classname="com.tb.profile.deliveryPageSignUp" name="addRegistration" time="3.280"/>
  <system-out/>
  <testcase classname="com.tb.profile.deliveryPageSignUp" name="addRegistration" time="2.911"/>
  <system-out/>
  <testcase classname="com.tb.profile.deliveryPageSignUp" name="addRegistration" time="3.124"/>
  <system-out/>
  <testcase classname="com.tb.profile.deliveryPageSignUp" name="addRegistration" time="8.395"/>
  <system-out/>
  <testcase classname="com.tb.profile.deliveryPageSignUp" name="addRegistration" time="3.084"/>
  <system-out/>
  <testcase classname="com.tb.profile.deliveryPageSignUp" name="addRegistration" time="2.901"/>
  <system-out/>
  <testcase classname="com.tb.profile.deliveryPageSignUp" name="addRegistration" time="7.987"/>
  <system-out/>
</testsuite> <!-- com.tb.profile.deliveryPageSignUp -->
