<?xml version="1.0" encoding="UTF-8"?>
<!-- Generated by org.testng.reporters.JUnitReportReporter -->
<testsuite hostname="LAPTOP-2M6SULJS" failures="0" tests="2" name="com.tb.qa.comman.getSliderImages" time="0.032" errors="0" timestamp="2020-10-03T12:12:49 IST" skipped="0">
  <testcase classname="com.tb.qa.comman.getSliderImages" name="checkStatuscode" time="0.008"/>
  <system-out/>
  <testcase classname="com.tb.qa.comman.getSliderImages" name="chesckResponseBody" time="0.024"/>
  <system-out/>
</testsuite> <!-- com.tb.qa.comman.getSliderImages -->
