<?xml version="1.0" encoding="UTF-8"?>
<!-- Generated by org.testng.reporters.JUnitReportReporter -->
<testsuite hostname="LAPTOP-2M6SULJS" failures="0" tests="2" name="com.tb.qa.sellerApp.optionItems" time="0.033" errors="0" timestamp="2020-10-03T12:53:50 IST" skipped="0">
  <testcase classname="com.tb.qa.sellerApp.optionItems" name="chesckResponseBody" time="0.028"/>
  <system-out/>
  <testcase classname="com.tb.qa.sellerApp.optionItems" name="checkStatuscode" time="0.005"/>
  <system-out/>
</testsuite> <!-- com.tb.qa.sellerApp.optionItems -->
