<?xml version="1.0" encoding="UTF-8"?>
<!-- Generated by org.testng.reporters.JUnitReportReporter -->
<testsuite skipped="1" hostname="LAPTOP-2M6SULJS" name="com.tb.profile.deliveryLogin" tests="1" failures="0" timestamp="2021-03-17T22:05:12 IST" time="0.000" errors="0">
  <testcase name="addRegistration" time="0.000" classname="com.tb.profile.deliveryLogin">
    <skipped/>
  </testcase> <!-- addRegistration -->
  <system-out/>
</testsuite> <!-- com.tb.profile.deliveryLogin -->
