<?xml version="1.0" encoding="UTF-8"?>
<!-- Generated by org.testng.reporters.JUnitReportReporter -->
<testsuite hostname="LAPTOP-2M6SULJS" failures="0" tests="6" name="com.tb.profile.userPage" time="8.647" errors="0" timestamp="2020-09-07T23:04:53 IST" skipped="0">
  <testcase classname="com.tb.profile.userPage" name="addRegistration" time="1.480"/>
  <system-out/>
  <testcase classname="com.tb.profile.userPage" name="addRegistration" time="1.269"/>
  <system-out/>
  <testcase classname="com.tb.profile.userPage" name="addRegistration" time="2.580"/>
  <system-out/>
  <testcase classname="com.tb.profile.userPage" name="addRegistration" time="1.045"/>
  <system-out/>
  <testcase classname="com.tb.profile.userPage" name="addRegistration" time="0.726"/>
  <system-out/>
  <testcase classname="com.tb.profile.userPage" name="addRegistration" time="1.547"/>
  <system-out/>
</testsuite> <!-- com.tb.profile.userPage -->
