<?xml version="1.0" encoding="UTF-8"?>
<!-- Generated by org.testng.reporters.JUnitReportReporter -->
<testsuite hostname="LAPTOP-2M6SULJS" failures="0" tests="6" name="com.tb.profile.registerPage" time="23.688" errors="0" timestamp="2020-09-07T21:59:56 IST" skipped="0">
  <testcase classname="com.tb.profile.registerPage" name="addRegistration" time="1.232"/>
  <system-out/>
  <testcase classname="com.tb.profile.registerPage" name="addRegistration" time="7.799"/>
  <system-out/>
  <testcase classname="com.tb.profile.registerPage" name="addRegistration" time="10.126"/>
  <system-out/>
  <testcase classname="com.tb.profile.registerPage" name="addRegistration" time="1.711"/>
  <system-out/>
  <testcase classname="com.tb.profile.registerPage" name="addRegistration" time="2.016"/>
  <system-out/>
  <testcase classname="com.tb.profile.registerPage" name="addRegistration" time="0.804"/>
  <system-out/>
</testsuite> <!-- com.tb.profile.registerPage -->
