<?xml version="1.0" encoding="UTF-8"?>
<!-- Generated by org.testng.reporters.JUnitReportReporter -->
<testsuite hostname="LAPTOP-2M6SULJS" failures="0" tests="2" name="com.tb.qa.sellerApp.optionItemId" time="0.033" errors="0" timestamp="2020-10-03T12:57:44 IST" skipped="0">
  <testcase classname="com.tb.qa.sellerApp.optionItemId" name="chesckResponseBody" time="0.031"/>
  <system-out/>
  <testcase classname="com.tb.qa.sellerApp.optionItemId" name="checkStatuscode" time="0.002"/>
  <system-out/>
</testsuite> <!-- com.tb.qa.sellerApp.optionItemId -->
