<?xml version="1.0" encoding="UTF-8"?>
<!-- Generated by org.testng.reporters.JUnitReportReporter -->
<testsuite hostname="LAPTOP-2M6SULJS" failures="0" tests="2" name="com.tb.qa.menues.menuesId" time="0.090" errors="0" timestamp="2020-08-05T22:05:00 IST" skipped="0">
  <testcase classname="com.tb.qa.menues.menuesId" name="chesckResponseBody" time="0.060"/>
  <system-out/>
  <testcase classname="com.tb.qa.menues.menuesId" name="checkStatuscode" time="0.030"/>
  <system-out/>
</testsuite> <!-- com.tb.qa.menues.menuesId -->
