<?xml version="1.0" encoding="UTF-8"?>
<!-- Generated by org.testng.reporters.JUnitReportReporter -->
<testsuite hostname="LAPTOP-2M6SULJS" failures="0" tests="2" name="com.tb.qa.comman.catagoryId" time="0.046" errors="0" timestamp="2020-08-05T22:15:15 IST" skipped="0">
  <testcase classname="com.tb.qa.comman.catagoryId" name="chesckResponseBody" time="0.033"/>
  <system-out/>
  <testcase classname="com.tb.qa.comman.catagoryId" name="checkStatuscode" time="0.013"/>
  <system-out/>
</testsuite> <!-- com.tb.qa.comman.catagoryId -->
