<?xml version="1.0" encoding="UTF-8"?>
<!-- Generated by org.testng.reporters.JUnitReportReporter -->
<testsuite hostname="LAPTOP-2M6SULJS" failures="0" tests="1" name="TradeBea.menus" time="0.032" errors="0" timestamp="2020-08-05T21:25:37 IST" skipped="0">
  <testcase classname="TradeBea.menus" name="chesckResponseBody" time="0.032"/>
  <system-out/>
</testsuite> <!-- TradeBea.menus -->
