<?xml version="1.0" encoding="UTF-8"?>
<!-- Generated by org.testng.reporters.JUnitReportReporter -->
<testsuite hostname="LAPTOP-2M6SULJS" failures="0" tests="2" name="com.tb.qa.comman.getMenusId" time="0.042" errors="0" timestamp="2020-10-03T12:56:43 IST" skipped="0">
  <testcase classname="com.tb.qa.comman.getMenusId" name="checkStatuscode" time="0.007"/>
  <system-out/>
  <testcase classname="com.tb.qa.comman.getMenusId" name="chesckResponseBody" time="0.035"/>
  <system-out/>
</testsuite> <!-- com.tb.qa.comman.getMenusId -->
