<?xml version="1.0" encoding="UTF-8"?>
<!-- Generated by org.testng.reporters.JUnitReportReporter -->
<testsuite hostname="LAPTOP-2M6SULJS" failures="0" tests="2" name="com.tb.qa.comman.getCategoryId" time="0.215" errors="0" timestamp="2020-10-19T00:09:38 IST" skipped="0">
  <testcase classname="com.tb.qa.comman.getCategoryId" name="chesckResponseBody" time="0.211"/>
  <system-out/>
  <testcase classname="com.tb.qa.comman.getCategoryId" name="checkStatuscode" time="0.004"/>
  <system-out/>
</testsuite> <!-- com.tb.qa.comman.getCategoryId -->
