<?xml version="1.0" encoding="UTF-8"?>
<!-- Generated by org.testng.reporters.JUnitReportReporter -->
<testsuite hostname="LAPTOP-2M6SULJS" failures="0" tests="2" name="com.tb.qa.comman.listOfGroups1" time="0.029" errors="0" timestamp="2020-10-03T12:13:53 IST" skipped="0">
  <testcase classname="com.tb.qa.comman.listOfGroups1" name="chesckResponseBody" time="0.026"/>
  <system-out/>
  <testcase classname="com.tb.qa.comman.listOfGroups1" name="checkStatuscode" time="0.003"/>
  <system-out/>
</testsuite> <!-- com.tb.qa.comman.listOfGroups1 -->
