<?xml version="1.0" encoding="UTF-8"?>
<!-- Generated by org.testng.reporters.JUnitReportReporter -->
<testsuite skipped="0" hostname="LAPTOP-2M6SULJS" name="com.tb.qa.comman.getCategory" tests="2" failures="0" timestamp="2021-05-23T06:14:38 IST" time="0.039" errors="0">
  <testcase name="chesckResponseBody" time="0.030" classname="com.tb.qa.comman.getCategory"/>
  <system-out/>
  <testcase name="checkStatuscode" time="0.009" classname="com.tb.qa.comman.getCategory"/>
  <system-out/>
</testsuite> <!-- com.tb.qa.comman.getCategory -->
