<?xml version="1.0" encoding="UTF-8"?>
<!-- Generated by org.testng.reporters.JUnitReportReporter -->
<testsuite hostname="LAPTOP-2M6SULJS" failures="0" tests="2" name="com.tb.qa.comman.listOfGroups" time="0.045" errors="0" timestamp="2020-09-05T16:38:21 IST" skipped="0">
  <testcase classname="com.tb.qa.comman.listOfGroups" name="chesckResponseBody" time="0.037"/>
  <system-out/>
  <testcase classname="com.tb.qa.comman.listOfGroups" name="checkStatuscode" time="0.008"/>
  <system-out/>
</testsuite> <!-- com.tb.qa.comman.listOfGroups -->
