<?xml version="1.0" encoding="UTF-8"?>
<!-- Generated by org.testng.reporters.JUnitReportReporter -->
<testsuite hostname="LAPTOP-2M6SULJS" failures="0" tests="2" name="com.tb.qa.comman.socialLoginsSeller" time="0.026" errors="0" timestamp="2020-09-05T17:12:24 IST" skipped="0">
  <testcase classname="com.tb.qa.comman.socialLoginsSeller" name="chesckResponseBody" time="0.024"/>
  <system-out/>
  <testcase classname="com.tb.qa.comman.socialLoginsSeller" name="checkStatuscode" time="0.002"/>
  <system-out/>
</testsuite> <!-- com.tb.qa.comman.socialLoginsSeller -->
