<?xml version="1.0" encoding="UTF-8"?>
<!-- Generated by org.testng.reporters.JUnitReportReporter -->
<testsuite hostname="LAPTOP-2M6SULJS" failures="0" tests="2" name="com.tb.qa.sellerApp.allOptionGroup" time="0.029" errors="0" timestamp="2020-10-06T01:12:16 IST" skipped="0">
  <testcase classname="com.tb.qa.sellerApp.allOptionGroup" name="chesckResponseBody" time="0.027"/>
  <system-out/>
  <testcase classname="com.tb.qa.sellerApp.allOptionGroup" name="checkStatuscode" time="0.002"/>
  <system-out/>
</testsuite> <!-- com.tb.qa.sellerApp.allOptionGroup -->
