<?xml version="1.0" encoding="UTF-8"?>
<!-- Generated by org.testng.reporters.JUnitReportReporter -->
<testsuite hostname="LAPTOP-2M6SULJS" failures="0" tests="2" name="com.tb.qa.comman.socialLogins" time="0.027" errors="0" timestamp="2020-09-05T16:58:55 IST" skipped="0">
  <testcase classname="com.tb.qa.comman.socialLogins" name="chesckResponseBody" time="0.024"/>
  <system-out/>
  <testcase classname="com.tb.qa.comman.socialLogins" name="checkStatuscode" time="0.003"/>
  <system-out/>
</testsuite> <!-- com.tb.qa.comman.socialLogins -->
