<?xml version="1.0" encoding="UTF-8"?>
<!-- Generated by org.testng.reporters.JUnitReportReporter -->
<testsuite hostname="LAPTOP-2M6SULJS" failures="0" tests="2" name="com.tb.qa.comman.catagory" time="0.029" errors="0" timestamp="2020-08-05T22:12:04 IST" skipped="0">
  <testcase classname="com.tb.qa.comman.catagory" name="checkStatuscode" time="0.006"/>
  <system-out/>
  <testcase classname="com.tb.qa.comman.catagory" name="chesckResponseBody" time="0.023"/>
  <system-out/>
</testsuite> <!-- com.tb.qa.comman.catagory -->
