<?xml version="1.0" encoding="UTF-8"?>
<!-- Generated by org.testng.reporters.JUnitReportReporter -->
<testsuite skipped="1" hostname="LAPTOP-2M6SULJS" name="com.tb.profile.sellerLogin" tests="1" failures="0" timestamp="2021-05-23T06:16:30 IST" time="0.000" errors="0">
  <testcase name="addRegistration" time="0.000" classname="com.tb.profile.sellerLogin">
    <skipped/>
  </testcase> <!-- addRegistration -->
  <system-out/>
</testsuite> <!-- com.tb.profile.sellerLogin -->
