<?xml version="1.0" encoding="UTF-8"?>
<!-- Generated by org.testng.reporters.JUnitReportReporter -->
<testsuite hostname="LAPTOP-2M6SULJS" failures="0" tests="2" name="com.tb.qa.menues.menus" time="0.037" errors="0" timestamp="2020-08-05T21:40:34 IST" skipped="0">
  <testcase classname="com.tb.qa.menues.menus" name="chesckResponseBody" time="0.030"/>
  <system-out/>
  <testcase classname="com.tb.qa.menues.menus" name="checkStatuscode" time="0.007"/>
  <system-out/>
</testsuite> <!-- com.tb.qa.menues.menus -->
