<?xml version="1.0" encoding="UTF-8"?>
<!-- Generated by org.testng.reporters.JUnitReportReporter -->
<testsuite hostname="LAPTOP-2M6SULJS" failures="0" tests="2" name="com.tb.qa.comman.getMenus" time="0.039" errors="0" timestamp="2020-09-05T13:07:39 IST" skipped="0">
  <testcase classname="com.tb.qa.comman.getMenus" name="chesckResponseBody" time="0.025"/>
  <system-out/>
  <testcase classname="com.tb.qa.comman.getMenus" name="checkStatuscode" time="0.014"/>
  <system-out/>
</testsuite> <!-- com.tb.qa.comman.getMenus -->
