<?xml version="1.0" encoding="UTF-8"?>
<!-- Generated by org.testng.reporters.JUnitReportReporter -->
<testsuite skipped="0" hostname="LAPTOP-2M6SULJS" name="com.tb.qa.comman.getSliderImages" tests="2" failures="0" timestamp="2020-10-17T01:20:56 IST" time="0.005" errors="0">
  <testcase name="chesckResponseBody" time="0.003" classname="com.tb.qa.comman.getSliderImages"/>
  <system-out/>
  <testcase name="checkStatuscode" time="0.002" classname="com.tb.qa.comman.getSliderImages"/>
  <system-out/>
</testsuite> <!-- com.tb.qa.comman.getSliderImages -->
