<?xml version="1.0" encoding="UTF-8"?>
<!-- Generated by org.testng.reporters.JUnitReportReporter -->
<testsuite skipped="0" hostname="LAPTOP-2M6SULJS" name="com.tb.qa.comman.getCategoryId" tests="2" failures="0" timestamp="2020-10-17T01:20:56 IST" time="0.009" errors="0">
  <testcase name="chesckResponseBody" time="0.005" classname="com.tb.qa.comman.getCategoryId"/>
  <system-out/>
  <testcase name="checkStatuscode" time="0.004" classname="com.tb.qa.comman.getCategoryId"/>
  <system-out/>
</testsuite> <!-- com.tb.qa.comman.getCategoryId -->
